-- Found ament_cmake: 1.3.11 (/opt/ros/humble/share/ament_cmake/cmake)
-- Found rclcpp: 16.0.11 (/opt/ros/humble/share/rclcpp/cmake)
-- Found rosidl_generator_c: 3.1.6 (/opt/ros/humble/share/rosidl_generator_c/cmake)
-- Found rosidl_adapter: 3.1.6 (/opt/ros/humble/share/rosidl_adapter/cmake)
-- Found rosidl_generator_cpp: 3.1.6 (/opt/ros/humble/share/rosidl_generator_cpp/cmake)
-- Using all available rosidl_typesupport_c: rosidl_typesupport_fastrtps_c;rosidl_typesupport_introspection_c
-- Using all available rosidl_typesupport_cpp: rosidl_typesupport_fastrtps_cpp;rosidl_typesupport_introspection_cpp
-- Found rmw_implementation_cmake: 6.1.2 (/opt/ros/humble/share/rmw_implementation_cmake/cmake)
-- Found rmw_cyclonedds_cpp: 1.3.4 (/opt/ros/humble/share/rmw_cyclonedds_cpp/cmake)
-- Using RMW implementation 'rmw_cyclonedds_cpp' as default
-- Found ament_lint_auto: 0.12.11 (/opt/ros/humble/share/ament_lint_auto/cmake)
-- Added test 'cppcheck' to perform static code analysis on C / C++ code
-- Configured cppcheck include dirs: 
-- Configured cppcheck exclude dirs and/or files: 
-- Added test 'lint_cmake' to check CMake code style
-- Added test 'uncrustify' to check C / C++ code style
-- Configured uncrustify additional arguments: 
-- Added test 'xmllint' to check XML markup files
-- Configuring done
-- Generating done
-- Build files have been written to: /home/vlad/noetic_ws/build/lab1
[35m[1mConsolidate compiler generated dependencies of target talker[0m
[35m[1mConsolidate compiler generated dependencies of target listener[0m
[ 25%] [32mBuilding CXX object CMakeFiles/talker.dir/src/talker_node.cpp.o[0m
[ 50%] [32mBuilding CXX object CMakeFiles/listener.dir/src/listener_node.cpp.o[0m
[ 75%] [32m[1mLinking CXX executable listener[0m
[100%] [32m[1mLinking CXX executable talker[0m
[100%] Built target listener
[100%] Built target talker
-- Install configuration: ""
-- Installing: /home/vlad/noetic_ws/install/lab1/lib/lab1/talker
-- Set runtime path of "/home/vlad/noetic_ws/install/lab1/lib/lab1/talker" to ""
-- Installing: /home/vlad/noetic_ws/install/lab1/lib/lab1/listener
-- Set runtime path of "/home/vlad/noetic_ws/install/lab1/lib/lab1/listener" to ""
-- Up-to-date: /home/vlad/noetic_ws/install/lab1/share/ament_index/resource_index/package_run_dependencies/lab1
-- Installing: /home/vlad/noetic_ws/install/lab1/share/ament_index/resource_index/parent_prefix_path/lab1
-- Up-to-date: /home/vlad/noetic_ws/install/lab1/share/lab1/environment/ament_prefix_path.sh
-- Installing: /home/vlad/noetic_ws/install/lab1/share/lab1/environment/ament_prefix_path.dsv
-- Up-to-date: /home/vlad/noetic_ws/install/lab1/share/lab1/environment/path.sh
-- Installing: /home/vlad/noetic_ws/install/lab1/share/lab1/environment/path.dsv
-- Up-to-date: /home/vlad/noetic_ws/install/lab1/share/lab1/local_setup.bash
-- Up-to-date: /home/vlad/noetic_ws/install/lab1/share/lab1/local_setup.sh
-- Up-to-date: /home/vlad/noetic_ws/install/lab1/share/lab1/local_setup.zsh
-- Installing: /home/vlad/noetic_ws/install/lab1/share/lab1/local_setup.dsv
-- Installing: /home/vlad/noetic_ws/install/lab1/share/lab1/package.dsv
-- Up-to-date: /home/vlad/noetic_ws/install/lab1/share/ament_index/resource_index/packages/lab1
-- Up-to-date: /home/vlad/noetic_ws/install/lab1/share/lab1/cmake/lab1Config.cmake
-- Up-to-date: /home/vlad/noetic_ws/install/lab1/share/lab1/cmake/lab1Config-version.cmake
-- Installing: /home/vlad/noetic_ws/install/lab1/share/lab1/package.xml
