[0.011s] Invoking command in '/home/vlad/noetic_ws/build/lab1': CMAKE_PREFIX_PATH=${CMAKE_PREFIX_PATH}:/opt/ros/humble /usr/bin/cmake --build /home/vlad/noetic_ws/build/lab1 -- -j16 -l16
[0.039s] -- Found ament_cmake: 1.3.11 (/opt/ros/humble/share/ament_cmake/cmake)
[0.182s] -- Found rclcpp: 16.0.11 (/opt/ros/humble/share/rclcpp/cmake)
[0.206s] -- Found rosidl_generator_c: 3.1.6 (/opt/ros/humble/share/rosidl_generator_c/cmake)
[0.207s] -- Found rosidl_adapter: 3.1.6 (/opt/ros/humble/share/rosidl_adapter/cmake)
[0.211s] -- Found rosidl_generator_cpp: 3.1.6 (/opt/ros/humble/share/rosidl_generator_cpp/cmake)
[0.217s] -- Using all available rosidl_typesupport_c: rosidl_typesupport_fastrtps_c;rosidl_typesupport_introspection_c
[0.225s] -- Using all available rosidl_typesupport_cpp: rosidl_typesupport_fastrtps_cpp;rosidl_typesupport_introspection_cpp
[0.246s] -- Found rmw_implementation_cmake: 6.1.2 (/opt/ros/humble/share/rmw_implementation_cmake/cmake)
[0.247s] -- Found rmw_cyclonedds_cpp: 1.3.4 (/opt/ros/humble/share/rmw_cyclonedds_cpp/cmake)
[0.259s] -- Using RMW implementation 'rmw_cyclonedds_cpp' as default
[0.292s] -- Found ament_lint_auto: 0.12.11 (/opt/ros/humble/share/ament_lint_auto/cmake)
[0.343s] -- Added test 'cppcheck' to perform static code analysis on C / C++ code
[0.344s] -- Configured cppcheck include dirs: 
[0.344s] -- Configured cppcheck exclude dirs and/or files: 
[0.344s] -- Added test 'lint_cmake' to check CMake code style
[0.344s] -- Added test 'uncrustify' to check C / C++ code style
[0.344s] -- Configured uncrustify additional arguments: 
[0.344s] -- Added test 'xmllint' to check XML markup files
[0.345s] -- Configuring done
[0.352s] -- Generating done
[0.355s] -- Build files have been written to: /home/vlad/noetic_ws/build/lab1
[0.381s] [35m[1mConsolidate compiler generated dependencies of target talker[0m
[0.385s] [35m[1mConsolidate compiler generated dependencies of target listener[0m
[0.400s] [ 25%] [32mBuilding CXX object CMakeFiles/talker.dir/src/talker_node.cpp.o[0m
[0.405s] [ 50%] [32mBuilding CXX object CMakeFiles/listener.dir/src/listener_node.cpp.o[0m
[5.692s] [ 75%] [32m[1mLinking CXX executable listener[0m
[5.731s] [100%] [32m[1mLinking CXX executable talker[0m
[5.962s] [100%] Built target listener
[5.996s] [100%] Built target talker
[6.005s] Invoked command in '/home/vlad/noetic_ws/build/lab1' returned '0': CMAKE_PREFIX_PATH=${CMAKE_PREFIX_PATH}:/opt/ros/humble /usr/bin/cmake --build /home/vlad/noetic_ws/build/lab1 -- -j16 -l16
[6.015s] Invoking command in '/home/vlad/noetic_ws/build/lab1': CMAKE_PREFIX_PATH=${CMAKE_PREFIX_PATH}:/opt/ros/humble /usr/bin/cmake --install /home/vlad/noetic_ws/build/lab1
[6.025s] -- Install configuration: ""
[6.025s] -- Installing: /home/vlad/noetic_ws/install/lab1/lib/lab1/talker
[6.030s] -- Set runtime path of "/home/vlad/noetic_ws/install/lab1/lib/lab1/talker" to ""
[6.030s] -- Installing: /home/vlad/noetic_ws/install/lab1/lib/lab1/listener
[6.035s] -- Set runtime path of "/home/vlad/noetic_ws/install/lab1/lib/lab1/listener" to ""
[6.035s] -- Up-to-date: /home/vlad/noetic_ws/install/lab1/share/ament_index/resource_index/package_run_dependencies/lab1
[6.035s] -- Installing: /home/vlad/noetic_ws/install/lab1/share/ament_index/resource_index/parent_prefix_path/lab1
[6.035s] -- Up-to-date: /home/vlad/noetic_ws/install/lab1/share/lab1/environment/ament_prefix_path.sh
[6.035s] -- Installing: /home/vlad/noetic_ws/install/lab1/share/lab1/environment/ament_prefix_path.dsv
[6.035s] -- Up-to-date: /home/vlad/noetic_ws/install/lab1/share/lab1/environment/path.sh
[6.036s] -- Installing: /home/vlad/noetic_ws/install/lab1/share/lab1/environment/path.dsv
[6.036s] -- Up-to-date: /home/vlad/noetic_ws/install/lab1/share/lab1/local_setup.bash
[6.036s] -- Up-to-date: /home/vlad/noetic_ws/install/lab1/share/lab1/local_setup.sh
[6.036s] -- Up-to-date: /home/vlad/noetic_ws/install/lab1/share/lab1/local_setup.zsh
[6.036s] -- Installing: /home/vlad/noetic_ws/install/lab1/share/lab1/local_setup.dsv
[6.036s] -- Installing: /home/vlad/noetic_ws/install/lab1/share/lab1/package.dsv
[6.036s] -- Up-to-date: /home/vlad/noetic_ws/install/lab1/share/ament_index/resource_index/packages/lab1
[6.037s] -- Up-to-date: /home/vlad/noetic_ws/install/lab1/share/lab1/cmake/lab1Config.cmake
[6.037s] -- Up-to-date: /home/vlad/noetic_ws/install/lab1/share/lab1/cmake/lab1Config-version.cmake
[6.037s] -- Installing: /home/vlad/noetic_ws/install/lab1/share/lab1/package.xml
[6.039s] Invoked command in '/home/vlad/noetic_ws/build/lab1' returned '0': CMAKE_PREFIX_PATH=${CMAKE_PREFIX_PATH}:/opt/ros/humble /usr/bin/cmake --install /home/vlad/noetic_ws/build/lab1
