[0.009s] Invoking command in '/home/vlad/noetic_ws/build/lab1': CMAKE_PREFIX_PATH=/opt/ros/humble /usr/bin/cmake /home/vlad/noetic_ws/src/lab1 -DCMAKE_INSTALL_PREFIX=/home/vlad/noetic_ws/install/lab1
[0.199s] -- The C compiler identification is GNU 11.4.0
[0.290s] -- The CXX compiler identification is GNU 11.4.0
[0.301s] -- Detecting C compiler ABI info
[0.393s] -- Detecting C compiler ABI info - done
[0.401s] -- Check for working C compiler: /usr/bin/cc - skipped
[0.403s] -- Detecting C compile features
[0.404s] -- Detecting C compile features - done
[0.408s] -- Detecting CXX compiler ABI info
[0.525s] -- Detecting CXX compiler ABI info - done
[0.531s] -- Check for working CXX compiler: /usr/bin/c++ - skipped
[0.531s] -- Detecting CXX compile features
[0.531s] -- Detecting CXX compile features - done
[0.537s] -- Found ament_cmake: 1.3.11 (/opt/ros/humble/share/ament_cmake/cmake)
[0.683s] -- Found Python3: /usr/bin/python3 (found version "3.10.12") found components: Interpreter 
[0.769s] -- Found rclcpp: 16.0.11 (/opt/ros/humble/share/rclcpp/cmake)
[0.807s] -- Found rosidl_generator_c: 3.1.6 (/opt/ros/humble/share/rosidl_generator_c/cmake)
[0.811s] -- Found rosidl_adapter: 3.1.6 (/opt/ros/humble/share/rosidl_adapter/cmake)
[0.819s] -- Found rosidl_generator_cpp: 3.1.6 (/opt/ros/humble/share/rosidl_generator_cpp/cmake)
[0.830s] -- Using all available rosidl_typesupport_c: rosidl_typesupport_fastrtps_c;rosidl_typesupport_introspection_c
[0.843s] -- Using all available rosidl_typesupport_cpp: rosidl_typesupport_fastrtps_cpp;rosidl_typesupport_introspection_cpp
[0.879s] -- Found rmw_implementation_cmake: 6.1.2 (/opt/ros/humble/share/rmw_implementation_cmake/cmake)
[0.882s] -- Found rmw_cyclonedds_cpp: 1.3.4 (/opt/ros/humble/share/rmw_cyclonedds_cpp/cmake)
[0.902s] -- Using RMW implementation 'rmw_cyclonedds_cpp' as default
[0.909s] -- Looking for pthread.h
[0.989s] -- Looking for pthread.h - found
[0.989s] -- Performing Test CMAKE_HAVE_LIBC_PTHREAD
[1.072s] -- Performing Test CMAKE_HAVE_LIBC_PTHREAD - Success
[1.073s] -- Found Threads: TRUE  
[1.114s] -- Found ament_lint_auto: 0.12.11 (/opt/ros/humble/share/ament_lint_auto/cmake)
[1.170s] -- Added test 'cppcheck' to perform static code analysis on C / C++ code
[1.170s] -- Configured cppcheck include dirs: 
[1.171s] -- Configured cppcheck exclude dirs and/or files: 
[1.171s] -- Added test 'lint_cmake' to check CMake code style
[1.172s] -- Added test 'uncrustify' to check C / C++ code style
[1.172s] -- Configured uncrustify additional arguments: 
[1.172s] -- Added test 'xmllint' to check XML markup files
[1.173s] -- Configuring done
[1.179s] -- Generating done
[1.181s] -- Build files have been written to: /home/vlad/noetic_ws/build/lab1
[1.186s] Invoked command in '/home/vlad/noetic_ws/build/lab1' returned '0': CMAKE_PREFIX_PATH=/opt/ros/humble /usr/bin/cmake /home/vlad/noetic_ws/src/lab1 -DCMAKE_INSTALL_PREFIX=/home/vlad/noetic_ws/install/lab1
[1.187s] Invoking command in '/home/vlad/noetic_ws/build/lab1': CMAKE_PREFIX_PATH=/opt/ros/humble /usr/bin/cmake --build /home/vlad/noetic_ws/build/lab1 -- -j16 -l16
[1.248s] [ 25%] [32mBuilding CXX object CMakeFiles/talker.dir/src/talker_node.cpp.o[0m
[1.250s] [ 50%] [32mBuilding CXX object CMakeFiles/listener.dir/src/listener_node.cpp.o[0m
[3.926s] [ 75%] [32m[1mLinking CXX executable talker[0m
[4.064s] [ 75%] Built target talker
[6.278s] [100%] [32m[1mLinking CXX executable listener[0m
[6.521s] [100%] Built target listener
[6.533s] Invoked command in '/home/vlad/noetic_ws/build/lab1' returned '0': CMAKE_PREFIX_PATH=/opt/ros/humble /usr/bin/cmake --build /home/vlad/noetic_ws/build/lab1 -- -j16 -l16
[6.543s] Invoking command in '/home/vlad/noetic_ws/build/lab1': CMAKE_PREFIX_PATH=/opt/ros/humble /usr/bin/cmake --install /home/vlad/noetic_ws/build/lab1
[6.551s] -- Install configuration: ""
[6.551s] -- Installing: /home/vlad/noetic_ws/install/lab1/lib/lab1/talker
[6.552s] -- Set runtime path of "/home/vlad/noetic_ws/install/lab1/lib/lab1/talker" to ""
[6.552s] -- Installing: /home/vlad/noetic_ws/install/lab1/lib/lab1/listener
[6.554s] -- Set runtime path of "/home/vlad/noetic_ws/install/lab1/lib/lab1/listener" to ""
[6.554s] -- Installing: /home/vlad/noetic_ws/install/lab1/share/ament_index/resource_index/package_run_dependencies/lab1
[6.554s] -- Installing: /home/vlad/noetic_ws/install/lab1/share/ament_index/resource_index/parent_prefix_path/lab1
[6.554s] -- Installing: /home/vlad/noetic_ws/install/lab1/share/lab1/environment/ament_prefix_path.sh
[6.554s] -- Installing: /home/vlad/noetic_ws/install/lab1/share/lab1/environment/ament_prefix_path.dsv
[6.555s] -- Installing: /home/vlad/noetic_ws/install/lab1/share/lab1/environment/path.sh
[6.555s] -- Installing: /home/vlad/noetic_ws/install/lab1/share/lab1/environment/path.dsv
[6.555s] -- Installing: /home/vlad/noetic_ws/install/lab1/share/lab1/local_setup.bash
[6.555s] -- Installing: /home/vlad/noetic_ws/install/lab1/share/lab1/local_setup.sh
[6.555s] -- Installing: /home/vlad/noetic_ws/install/lab1/share/lab1/local_setup.zsh
[6.555s] -- Installing: /home/vlad/noetic_ws/install/lab1/share/lab1/local_setup.dsv
[6.555s] -- Installing: /home/vlad/noetic_ws/install/lab1/share/lab1/package.dsv
[6.555s] -- Installing: /home/vlad/noetic_ws/install/lab1/share/ament_index/resource_index/packages/lab1
[6.555s] -- Installing: /home/vlad/noetic_ws/install/lab1/share/lab1/cmake/lab1Config.cmake
[6.555s] -- Installing: /home/vlad/noetic_ws/install/lab1/share/lab1/cmake/lab1Config-version.cmake
[6.555s] -- Installing: /home/vlad/noetic_ws/install/lab1/share/lab1/package.xml
[6.556s] Invoked command in '/home/vlad/noetic_ws/build/lab1' returned '0': CMAKE_PREFIX_PATH=/opt/ros/humble /usr/bin/cmake --install /home/vlad/noetic_ws/build/lab1
